Build started 6/8/2015 7:50:57 PM.
     1>Project "C:\Users\Sean\Dropbox\Workspace\Kinect2_Calib\Kinect2_Calib\Kinect2_Calib.vcxproj" on node 2 (Build target(s)).
     1>ClCompile:
         c:\Program Files (x86)\Microsoft Visual Studio 10.0\VC\bin\x86_amd64\CL.exe /c /IC:\Users\Sean\Documents\vrpn_07_31_64 /IC:\Users\Sean\Dropbox\Workspace\Kinect2_Calib\/Kinect2_Calib /I"C:\Program Files\libusb-1.0\libusb" /I"C:\Users\Sean\Documents\libjpeg-turbo64\include" /IC:\Users\Sean\Documents\libfreenect2_64\include\tinythread /IC:\Users\Sean\Documents\libfreenect2_64\include /IC:\Users\Sean\Documents\opencv\build\include /Zi /nologo /W3 /WX- /Od /D _MBCS /Gm /EHsc /RTC1 /MDd /GS /fp:precise /Zc:wchar_t /Zc:forScope /Fo"x64\Debug\\" /Fd"x64\Debug\vc100.pdb" /Gd /TP /errorReport:prompt Sample.cpp
         Sample.cpp
     1>c:\users\sean\dropbox\workspace\kinect2_calib\kinect2_calib\camera_calibration.h(199): warning C4244: '=' : conversion from 'double' to 'float', possible loss of data
     1>c:\users\sean\dropbox\workspace\kinect2_calib\kinect2_calib\camera_calibration.h(316): warning C4244: 'initializing' : conversion from 'float' to 'unsigned char', possible loss of data
     1>c:\users\sean\dropbox\workspace\kinect2_calib\kinect2_calib\camera_calibration.h(350): warning C4996: 'fopen': This function or variable may be unsafe. Consider using fopen_s instead. To disable deprecation, use _CRT_SECURE_NO_WARNINGS. See online help for details.
                 c:\Program Files (x86)\Microsoft Visual Studio 10.0\VC\include\stdio.h(234) : see declaration of 'fopen'
     1>c:\users\sean\dropbox\workspace\kinect2_calib\kinect2_calib\camera_calibration.h(378): warning C4996: 'fopen': This function or variable may be unsafe. Consider using fopen_s instead. To disable deprecation, use _CRT_SECURE_NO_WARNINGS. See online help for details.
                 c:\Program Files (x86)\Microsoft Visual Studio 10.0\VC\include\stdio.h(234) : see declaration of 'fopen'
     1>c:\users\sean\dropbox\workspace\kinect2_calib\kinect2_calib\camera_calibration.h(386): warning C4996: 'fscanf': This function or variable may be unsafe. Consider using fscanf_s instead. To disable deprecation, use _CRT_SECURE_NO_WARNINGS. See online help for details.
                 c:\Program Files (x86)\Microsoft Visual Studio 10.0\VC\include\stdio.h(253) : see declaration of 'fscanf'
     1>c:\users\sean\dropbox\workspace\kinect2_calib\kinect2_calib\camera_calibration.h(393): warning C4996: 'fscanf': This function or variable may be unsafe. Consider using fscanf_s instead. To disable deprecation, use _CRT_SECURE_NO_WARNINGS. See online help for details.
                 c:\Program Files (x86)\Microsoft Visual Studio 10.0\VC\include\stdio.h(253) : see declaration of 'fscanf'
     1>c:\users\sean\dropbox\workspace\kinect2_calib\kinect2_calib\camera_calibration.h(400): warning C4996: 'fscanf': This function or variable may be unsafe. Consider using fscanf_s instead. To disable deprecation, use _CRT_SECURE_NO_WARNINGS. See online help for details.
                 c:\Program Files (x86)\Microsoft Visual Studio 10.0\VC\include\stdio.h(253) : see declaration of 'fscanf'
     1>c:\users\sean\dropbox\workspace\kinect2_calib\kinect2_calib\camera_calibration.h(448): warning C4244: 'initializing' : conversion from 'float' to 'unsigned char', possible loss of data
     1>Sample.cpp(70): warning C4305: '=' : truncation from 'double' to 'float'
     1>Sample.cpp(71): warning C4305: '=' : truncation from 'double' to 'float'
     1>Sample.cpp(72): warning C4305: '=' : truncation from 'double' to 'float'
     1>Sample.cpp(74): warning C4305: '=' : truncation from 'double' to 'float'
     1>Sample.cpp(75): warning C4305: '=' : truncation from 'double' to 'float'
     1>Sample.cpp(76): warning C4305: '=' : truncation from 'double' to 'float'
     1>Sample.cpp(78): warning C4305: '=' : truncation from 'double' to 'float'
     1>Sample.cpp(79): warning C4305: '=' : truncation from 'double' to 'float'
     1>Sample.cpp(80): warning C4305: '=' : truncation from 'double' to 'float'
     1>Sample.cpp(82): warning C4305: '=' : truncation from 'double' to 'float'
     1>Sample.cpp(83): warning C4305: '=' : truncation from 'double' to 'float'
     1>Sample.cpp(84): warning C4305: '=' : truncation from 'double' to 'float'
     1>Sample.cpp(86): warning C4305: 'argument' : truncation from 'double' to 'float'
     1>Sample.cpp(108): warning C4244: 'argument' : conversion from 'float' to 'int', possible loss of data
     1>Sample.cpp(108): warning C4244: 'argument' : conversion from 'float' to 'int', possible loss of data
     1>Sample.cpp(147): warning C4305: 'argument' : truncation from 'double' to 'float'
     1>Sample.cpp(189): warning C4305: 'argument' : truncation from 'double' to 'float'
     1>Sample.cpp(189): warning C4305: 'argument' : truncation from 'double' to 'float'
     1>Sample.cpp(189): warning C4305: 'argument' : truncation from 'double' to 'float'
     1>Sample.cpp(190): warning C4305: 'argument' : truncation from 'double' to 'float'
     1>Sample.cpp(190): warning C4305: 'argument' : truncation from 'double' to 'float'
     1>Sample.cpp(190): warning C4305: 'argument' : truncation from 'double' to 'float'
     1>Sample.cpp(191): warning C4305: 'argument' : truncation from 'double' to 'float'
     1>Sample.cpp(191): warning C4305: 'argument' : truncation from 'double' to 'float'
     1>Sample.cpp(191): warning C4305: 'argument' : truncation from 'double' to 'float'
     1>Sample.cpp(192): warning C4305: 'argument' : truncation from 'double' to 'float'
     1>Sample.cpp(192): warning C4305: 'argument' : truncation from 'double' to 'float'
     1>Sample.cpp(192): warning C4305: 'argument' : truncation from 'double' to 'float'
     1>Sample.cpp(196): warning C4305: 'argument' : truncation from 'double' to 'float'
     1>Sample.cpp(196): warning C4305: 'argument' : truncation from 'double' to 'float'
     1>Sample.cpp(196): warning C4305: 'argument' : truncation from 'double' to 'float'
     1>Sample.cpp(197): warning C4305: 'argument' : truncation from 'double' to 'float'
     1>Sample.cpp(197): warning C4305: 'argument' : truncation from 'double' to 'float'
     1>Sample.cpp(197): warning C4305: 'argument' : truncation from 'double' to 'float'
     1>Sample.cpp(198): warning C4305: 'argument' : truncation from 'double' to 'float'
     1>Sample.cpp(198): warning C4305: 'argument' : truncation from 'double' to 'float'
     1>Sample.cpp(198): warning C4305: 'argument' : truncation from 'double' to 'float'
     1>Sample.cpp(199): warning C4305: 'argument' : truncation from 'double' to 'float'
     1>Sample.cpp(199): warning C4305: 'argument' : truncation from 'double' to 'float'
     1>Sample.cpp(199): warning C4305: 'argument' : truncation from 'double' to 'float'
     1>C:\Users\Sean\Dropbox\Workspace\Kinect2_Calib\Kinect2_Calib\cv_op.h(20): warning C4244: '=' : conversion from 'const double' to 'float', possible loss of data
                 c:\users\sean\dropbox\workspace\kinect2_calib\kinect2_calib\camera_calibration.h(212) : see reference to function template instantiation 'cv::Point3_<_Tp> operator *<float>(const cv::Mat &,const cv::Point3_<_Tp> &)' being compiled
                 with
                 [
                     _Tp=float
                 ]
     1>C:\Users\Sean\Dropbox\Workspace\Kinect2_Calib\Kinect2_Calib\cv_op.h(21): warning C4244: '=' : conversion from 'const double' to 'float', possible loss of data
     1>C:\Users\Sean\Dropbox\Workspace\Kinect2_Calib\Kinect2_Calib\cv_op.h(22): warning C4244: '=' : conversion from 'const double' to 'float', possible loss of data
     1>C:\Users\Sean\Dropbox\Workspace\Kinect2_Calib\Kinect2_Calib\cv_op.h(25): warning C4244: '+=' : conversion from 'const double' to 'float', possible loss of data
     1>C:\Users\Sean\Dropbox\Workspace\Kinect2_Calib\Kinect2_Calib\cv_op.h(26): warning C4244: '+=' : conversion from 'const double' to 'float', possible loss of data
     1>C:\Users\Sean\Dropbox\Workspace\Kinect2_Calib\Kinect2_Calib\cv_op.h(27): warning C4244: '+=' : conversion from 'const double' to 'float', possible loss of data
       Link:
         c:\Program Files (x86)\Microsoft Visual Studio 10.0\VC\bin\x86_amd64\link.exe /ERRORREPORT:PROMPT /OUT:"C:\Users\Sean\Dropbox\Workspace\Kinect2_Calib\x64\Debug\Kinect2_Calib.exe" /NOLOGO /LIBPATH:C:\Users\Sean\Documents\vrpn_07_31_64\lib64\debug /LIBPATH:"C:\Program Files\libusb-1.0" /LIBPATH:"C:\Users\Sean\Documents\libjpeg-turbo64\lib" /LIBPATH:C:\Users\Sean\Documents\libfreenect2_64\lib /LIBPATH:C:\Users\Sean\Documents\opencv\build\x64\vc10\lib opencv_calib3d2411d.lib opencv_contrib2411d.lib opencv_core2411d.lib opencv_features2d2411d.lib opencv_flann2411d.lib opencv_gpu2411d.lib opencv_highgui2411d.lib opencv_imgproc2411d.lib opencv_legacy2411d.lib opencv_ml2411d.lib opencv_nonfree2411d.lib opencv_objdetect2411d.lib opencv_ocl2411d.lib opencv_photo2411d.lib opencv_stitching2411d.lib opencv_superres2411d.lib opencv_ts2411d.lib opencv_video2411d.lib opencv_videostab2411d.lib "libusb-1.0.lib" freenect2.lib glfw3dll.lib turbojpeg.lib vrpn.lib kernel32.lib user32.lib gdi32.lib winspool.lib comdlg32.lib advapi32.lib shell32.lib ole32.lib oleaut32.lib uuid.lib odbc32.lib odbccp32.lib /MANIFEST /ManifestFile:"x64\Debug\Kinect2_Calib.exe.intermediate.manifest" /MANIFESTUAC:"level='asInvoker' uiAccess='false'" /DEBUG /PDB:"C:\Users\Sean\Dropbox\Workspace\Kinect2_Calib\x64\Debug\Kinect2_Calib.pdb" /TLBID:1 /DYNAMICBASE /NXCOMPAT /IMPLIB:"C:\Users\Sean\Dropbox\Workspace\Kinect2_Calib\x64\Debug\Kinect2_Calib.lib" /MACHINE:X64 x64\Debug\Protonect.obj
         x64\Debug\Sample.obj
         LINK : C:\Users\Sean\Dropbox\Workspace\Kinect2_Calib\x64\Debug\Kinect2_Calib.exe not found or not built by the last incremental link; performing full link
            Creating library C:\Users\Sean\Dropbox\Workspace\Kinect2_Calib\x64\Debug\Kinect2_Calib.lib and object C:\Users\Sean\Dropbox\Workspace\Kinect2_Calib\x64\Debug\Kinect2_Calib.exp
     1>vrpn.lib(vrpn_BaseClass.obj) : warning LNK4099: PDB 'vc100.pdb' was not found with 'vrpn.lib(vrpn_BaseClass.obj)' or at 'C:\Users\Sean\Dropbox\Workspace\Kinect2_Calib\x64\Debug\vc100.pdb'; linking object as if no debug info
     1>vrpn.lib(vrpn_Connection.obj) : warning LNK4099: PDB 'vc100.pdb' was not found with 'vrpn.lib(vrpn_Connection.obj)' or at 'C:\Users\Sean\Dropbox\Workspace\Kinect2_Calib\x64\Debug\vc100.pdb'; linking object as if no debug info
     1>vrpn.lib(vrpn_FileConnection.obj) : warning LNK4099: PDB 'vc100.pdb' was not found with 'vrpn.lib(vrpn_FileConnection.obj)' or at 'C:\Users\Sean\Dropbox\Workspace\Kinect2_Calib\x64\Debug\vc100.pdb'; linking object as if no debug info
     1>vrpn.lib(vrpn_Serial.obj) : warning LNK4099: PDB 'vc100.pdb' was not found with 'vrpn.lib(vrpn_Serial.obj)' or at 'C:\Users\Sean\Dropbox\Workspace\Kinect2_Calib\x64\Debug\vc100.pdb'; linking object as if no debug info
     1>vrpn.lib(vrpn_Shared.obj) : warning LNK4099: PDB 'vc100.pdb' was not found with 'vrpn.lib(vrpn_Shared.obj)' or at 'C:\Users\Sean\Dropbox\Workspace\Kinect2_Calib\x64\Debug\vc100.pdb'; linking object as if no debug info
     1>vrpn.lib(vrpn_Tracker.obj) : warning LNK4099: PDB 'vc100.pdb' was not found with 'vrpn.lib(vrpn_Tracker.obj)' or at 'C:\Users\Sean\Dropbox\Workspace\Kinect2_Calib\x64\Debug\vc100.pdb'; linking object as if no debug info
         Kinect2_Calib.vcxproj -> C:\Users\Sean\Dropbox\Workspace\Kinect2_Calib\x64\Debug\Kinect2_Calib.exe
       Manifest:
         c:\Program Files (x86)\Microsoft SDKs\Windows\v7.0A\bin\mt.exe /nologo /verbose /outputresource:"C:\Users\Sean\Dropbox\Workspace\Kinect2_Calib\x64\Debug\Kinect2_Calib.exe;#1" /manifest x64\Debug\Kinect2_Calib.exe.intermediate.manifest
     1>Done Building Project "C:\Users\Sean\Dropbox\Workspace\Kinect2_Calib\Kinect2_Calib\Kinect2_Calib.vcxproj" (Build target(s)).

Build succeeded.

Time Elapsed 00:00:04.85
