  main.cpp
d:\repos\fusion\moca\proj-vive\proj-vive\RenderUtils.h(7): warning C4996: 'fopen': This function or variable may be unsafe. Consider using fopen_s instead. To disable deprecation, use _CRT_SECURE_NO_WARNINGS. See online help for details.
          C:\Program Files (x86)\Microsoft Visual Studio 10.0\VC\include\stdio.h(234) : see declaration of 'fopen'
d:\repos\fusion\moca\proj-vive\proj-vive\GLobject.h(167): warning C4267: '=' : conversion from 'size_t' to 'GLsizei', possible loss of data
d:\repos\fusion\moca\proj-vive\proj-vive\GLobject.h(202): warning C4267: '=' : conversion from 'size_t' to 'GLsizei', possible loss of data
main.cpp(204): warning C4244: 'argument' : conversion from 'double' to 'GLsizei', possible loss of data
main.cpp(219): warning C4244: 'argument' : conversion from 'double' to 'GLsizei', possible loss of data
main.cpp(219): warning C4244: 'argument' : conversion from 'double' to 'GLint', possible loss of data
main.cpp(256): warning C4305: 'argument' : truncation from 'double' to 'GLfloat'
main.cpp(256): warning C4305: 'argument' : truncation from 'double' to 'GLfloat'
main.cpp(256): warning C4305: 'argument' : truncation from 'double' to 'GLfloat'
main.cpp(258): warning C4244: 'argument' : conversion from 'int' to 'GLfloat', possible loss of data
main.cpp(258): warning C4244: 'argument' : conversion from 'int' to 'GLfloat', possible loss of data
main.cpp(259): warning C4244: 'argument' : conversion from 'int' to 'GLfloat', possible loss of data
main.cpp(259): warning C4244: 'argument' : conversion from 'int' to 'GLfloat', possible loss of data
main.cpp(268): warning C4305: 'argument' : truncation from 'double' to 'GLfloat'
main.cpp(268): warning C4305: 'argument' : truncation from 'double' to 'GLfloat'
main.cpp(268): warning C4305: 'argument' : truncation from 'double' to 'GLfloat'
main.cpp(270): warning C4244: 'argument' : conversion from 'int' to 'GLfloat', possible loss of data
main.cpp(270): warning C4244: 'argument' : conversion from 'int' to 'GLfloat', possible loss of data
main.cpp(271): warning C4244: 'argument' : conversion from 'int' to 'GLfloat', possible loss of data
main.cpp(271): warning C4244: 'argument' : conversion from 'int' to 'GLfloat', possible loss of data
d:\repos\fusion\moca\proj-vive\proj-vive\GLobject.h(212): warning C4267: '=' : conversion from 'size_t' to 'GLsizei', possible loss of data
          main.cpp(403) : see reference to function template instantiation 'void GLobject::InitBuffer<glm::vec3>(std::vector<_Ty>,std::vector<_Ty>,std::vector<_Ty>)' being compiled
          with
          [
              _Ty=glm::vec3
          ]
  LINK : D:\Repos\Fusion\moca\proj-vive\x64\Debug\proj-vive.exe not found or not built by the last incremental link; performing full link
  proj-vive.vcxproj -> D:\Repos\Fusion\moca\proj-vive\x64\Debug\proj-vive.exe
