Build started 8/22/2018 9:08:15 PM.
     1>Project "C:\Users\admin13302\Documents\GitHub\Fusion\moca\proj-marker-transform\proj-marker-transform\proj-marker-transform.vcxproj" on node 2 (build target(s)).
     1>InitializeBuildStatus:
         Creating "Debug\proj-marker-transform.unsuccessfulbuild" because "AlwaysCreate" was specified.
       ClCompile:
         All outputs are up-to-date.
         C:\Program Files (x86)\Microsoft Visual Studio 10.0\VC\bin\CL.exe /c /IC:\Users\admin13302\Documents\GitHub\Fusion\moca\dependency\eigen /I..\..\dependency /I..\..\src /ZI /nologo /W3 /WX- /Od /Oy- /D WIN32 /D _DEBUG /D _CONSOLE /D _UNICODE /D UNICODE /Gm /EHsc /RTC1 /MDd /GS /fp:precise /Zc:wchar_t /Zc:forScope /Yu"StdAfx.h" /Fp"Debug\proj-marker-transform.pch" /Fo"Debug\\" /Fd"Debug\vc100.pdb" /Gd /TP /analyze- /errorReport:prompt "proj-marker-transform.cpp"
         proj-marker-transform.cpp
     1>c:\users\admin13302\documents\github\fusion\moca\src\math\matrix.h(4): warning C4305: 'initializing' : truncation from 'double' to 'const float'
     1>c:\users\admin13302\documents\github\fusion\moca\src\math\matrix.h(35): warning C4244: 'argument' : conversion from 'int' to 'const float', possible loss of data
     1>c:\users\admin13302\documents\github\fusion\moca\src\math\matrix.h(132): warning C4018: '<' : signed/unsigned mismatch
     1>c:\users\admin13302\documents\github\fusion\moca\src\math\matrix.h(147): warning C4018: '<' : signed/unsigned mismatch
     1>c:\users\admin13302\documents\github\fusion\moca\src\import.h(4): warning C4996: 'fopen': This function or variable may be unsafe. Consider using fopen_s instead. To disable deprecation, use _CRT_SECURE_NO_WARNINGS. See online help for details.
                 c:\program files (x86)\microsoft visual studio 10.0\vc\include\stdio.h(234) : see declaration of 'fopen'
     1>c:\users\admin13302\documents\github\fusion\moca\src\math\sparseblocksquarematrix.h(75): warning C4018: '<' : signed/unsigned mismatch
     1>c:\users\admin13302\documents\github\fusion\moca\src\math\sparseblocksquarematrix.h(104): warning C4018: '<' : signed/unsigned mismatch
     1>c:\users\admin13302\documents\github\fusion\moca\src\math\sparseblocksquarematrix.h(106): warning C4018: '<' : signed/unsigned mismatch
     1>c:\users\admin13302\documents\github\fusion\moca\proj-marker-transform\proj-marker-transform\proj-marker-transform.cpp(98): warning C4018: '<' : signed/unsigned mismatch
     1>c:\users\admin13302\documents\github\fusion\moca\proj-marker-transform\proj-marker-transform\proj-marker-transform.cpp(218): warning C4996: 'fopen': This function or variable may be unsafe. Consider using fopen_s instead. To disable deprecation, use _CRT_SECURE_NO_WARNINGS. See online help for details.
                 c:\program files (x86)\microsoft visual studio 10.0\vc\include\stdio.h(234) : see declaration of 'fopen'
     1>c:\users\admin13302\documents\github\fusion\moca\proj-marker-transform\proj-marker-transform\proj-marker-transform.cpp(225): warning C4996: 'fscanf': This function or variable may be unsafe. Consider using fscanf_s instead. To disable deprecation, use _CRT_SECURE_NO_WARNINGS. See online help for details.
                 c:\program files (x86)\microsoft visual studio 10.0\vc\include\stdio.h(253) : see declaration of 'fscanf'
     1>c:\users\admin13302\documents\github\fusion\moca\proj-marker-transform\proj-marker-transform\proj-marker-transform.cpp(233): warning C4996: 'fscanf': This function or variable may be unsafe. Consider using fscanf_s instead. To disable deprecation, use _CRT_SECURE_NO_WARNINGS. See online help for details.
                 c:\program files (x86)\microsoft visual studio 10.0\vc\include\stdio.h(253) : see declaration of 'fscanf'
     1>c:\users\admin13302\documents\github\fusion\moca\proj-marker-transform\proj-marker-transform\proj-marker-transform.cpp(238): warning C4996: 'fscanf': This function or variable may be unsafe. Consider using fscanf_s instead. To disable deprecation, use _CRT_SECURE_NO_WARNINGS. See online help for details.
                 c:\program files (x86)\microsoft visual studio 10.0\vc\include\stdio.h(253) : see declaration of 'fscanf'
     1>c:\users\admin13302\documents\github\fusion\moca\proj-marker-transform\proj-marker-transform\proj-marker-transform.cpp(239): warning C4996: 'fscanf': This function or variable may be unsafe. Consider using fscanf_s instead. To disable deprecation, use _CRT_SECURE_NO_WARNINGS. See online help for details.
                 c:\program files (x86)\microsoft visual studio 10.0\vc\include\stdio.h(253) : see declaration of 'fscanf'
     1>c:\users\admin13302\documents\github\fusion\moca\proj-marker-transform\proj-marker-transform\proj-marker-transform.cpp(240): warning C4996: 'fscanf': This function or variable may be unsafe. Consider using fscanf_s instead. To disable deprecation, use _CRT_SECURE_NO_WARNINGS. See online help for details.
                 c:\program files (x86)\microsoft visual studio 10.0\vc\include\stdio.h(253) : see declaration of 'fscanf'
     1>c:\users\admin13302\documents\github\fusion\moca\proj-marker-transform\proj-marker-transform\proj-marker-transform.cpp(388): warning C4305: 'argument' : truncation from 'double' to 'float'
       ManifestResourceCompile:
         All outputs are up-to-date.
       Link:
         C:\Program Files (x86)\Microsoft Visual Studio 10.0\VC\bin\link.exe /ERRORREPORT:PROMPT /OUT:"C:\Users\admin13302\Documents\GitHub\Fusion\moca\proj-marker-transform\Debug\proj-marker-transform.exe" /INCREMENTAL /NOLOGO kernel32.lib user32.lib gdi32.lib winspool.lib comdlg32.lib advapi32.lib shell32.lib ole32.lib oleaut32.lib uuid.lib odbc32.lib odbccp32.lib /MANIFEST /ManifestFile:"Debug\proj-marker-transform.exe.intermediate.manifest" /MANIFESTUAC:"level='asInvoker' uiAccess='false'" /DEBUG /PDB:"C:\Users\admin13302\Documents\GitHub\Fusion\moca\proj-marker-transform\Debug\proj-marker-transform.pdb" /SUBSYSTEM:CONSOLE /TLBID:1 /DYNAMICBASE /NXCOMPAT /IMPLIB:"C:\Users\admin13302\Documents\GitHub\Fusion\moca\proj-marker-transform\Debug\proj-marker-transform.lib" /MACHINE:X86 "Debug\proj-marker-transform.exe.embed.manifest.res"
         "Debug\proj-marker-transform.obj"
         Debug\stdafx.obj
       Manifest:
         C:\Program Files (x86)\Microsoft SDKs\Windows\v7.0A\bin\mt.exe /nologo /verbose /out:"Debug\proj-marker-transform.exe.embed.manifest" /manifest "Debug\proj-marker-transform.exe.intermediate.manifest"
         All outputs are up-to-date.
       LinkEmbedManifest:
         All outputs are up-to-date.
         proj-marker-transform.vcxproj -> C:\Users\admin13302\Documents\GitHub\Fusion\moca\proj-marker-transform\Debug\proj-marker-transform.exe
       FinalizeBuildStatus:
         Deleting file "Debug\proj-marker-transform.unsuccessfulbuild".
         Touching "Debug\proj-marker-transform.lastbuildstate".
     1>Done Building Project "C:\Users\admin13302\Documents\GitHub\Fusion\moca\proj-marker-transform\proj-marker-transform\proj-marker-transform.vcxproj" (build target(s)).

Build succeeded.

Time Elapsed 00:00:18.97
