Build started 6/8/2015 12:29:47 PM.
     1>Project "C:\Users\Sean\Dropbox\Workspace\Kinect2_Calib\Kinect2_Calib\Kinect2_Calib.vcxproj" on node 2 (Build target(s)).
     1>ClCompile:
         c:\Program Files (x86)\Microsoft Visual Studio 10.0\VC\bin\x86_amd64\CL.exe /c /IC:\Users\Sean\Documents\vrpn_07_31_64 /IC:\Users\Sean\Dropbox\Workspace\Kinect2_Calib\/Kinect2_Calib /I"C:\Program Files\libusb-1.0\libusb" /I"C:\Users\Sean\Documents\libjpeg-turbo64\include" /IC:\Users\Sean\Documents\libfreenect2_64\include\tinythread /IC:\Users\Sean\Documents\libfreenect2_64\include /IC:\Users\Sean\Documents\opencv\build\include /Zi /nologo /W3 /WX- /O2 /Oi /GL /D _MBCS /Gm- /EHsc /MD /GS /Gy /fp:precise /Zc:wchar_t /Zc:forScope /Fo"x64\Release\\" /Fd"x64\Release\vc100.pdb" /Gd /TP /errorReport:prompt Protonect.cpp Sample.cpp
         Protonect.cpp
         Sample.cpp
     1>c:\users\sean\dropbox\workspace\kinect2_calib\kinect2_calib\camera_calibration.h(192): warning C4244: 'argument' : conversion from 'double' to 'float', possible loss of data
     1>c:\users\sean\dropbox\workspace\kinect2_calib\kinect2_calib\camera_calibration.h(193): warning C4244: 'argument' : conversion from 'double' to 'float', possible loss of data
     1>c:\users\sean\dropbox\workspace\kinect2_calib\kinect2_calib\camera_calibration.h(205): warning C4244: 'argument' : conversion from 'double' to 'float', possible loss of data
     1>c:\users\sean\dropbox\workspace\kinect2_calib\kinect2_calib\camera_calibration.h(205): warning C4244: 'argument' : conversion from 'double' to 'float', possible loss of data
     1>c:\users\sean\dropbox\workspace\kinect2_calib\kinect2_calib\camera_calibration.h(313): warning C4244: 'initializing' : conversion from 'float' to 'unsigned char', possible loss of data
     1>c:\users\sean\dropbox\workspace\kinect2_calib\kinect2_calib\camera_calibration.h(347): warning C4996: 'fopen': This function or variable may be unsafe. Consider using fopen_s instead. To disable deprecation, use _CRT_SECURE_NO_WARNINGS. See online help for details.
                 c:\Program Files (x86)\Microsoft Visual Studio 10.0\VC\include\stdio.h(234) : see declaration of 'fopen'
     1>c:\users\sean\dropbox\workspace\kinect2_calib\kinect2_calib\camera_calibration.h(375): warning C4996: 'fopen': This function or variable may be unsafe. Consider using fopen_s instead. To disable deprecation, use _CRT_SECURE_NO_WARNINGS. See online help for details.
                 c:\Program Files (x86)\Microsoft Visual Studio 10.0\VC\include\stdio.h(234) : see declaration of 'fopen'
     1>c:\users\sean\dropbox\workspace\kinect2_calib\kinect2_calib\camera_calibration.h(383): warning C4996: 'fscanf': This function or variable may be unsafe. Consider using fscanf_s instead. To disable deprecation, use _CRT_SECURE_NO_WARNINGS. See online help for details.
                 c:\Program Files (x86)\Microsoft Visual Studio 10.0\VC\include\stdio.h(253) : see declaration of 'fscanf'
     1>c:\users\sean\dropbox\workspace\kinect2_calib\kinect2_calib\camera_calibration.h(390): warning C4996: 'fscanf': This function or variable may be unsafe. Consider using fscanf_s instead. To disable deprecation, use _CRT_SECURE_NO_WARNINGS. See online help for details.
                 c:\Program Files (x86)\Microsoft Visual Studio 10.0\VC\include\stdio.h(253) : see declaration of 'fscanf'
     1>c:\users\sean\dropbox\workspace\kinect2_calib\kinect2_calib\camera_calibration.h(397): warning C4996: 'fscanf': This function or variable may be unsafe. Consider using fscanf_s instead. To disable deprecation, use _CRT_SECURE_NO_WARNINGS. See online help for details.
                 c:\Program Files (x86)\Microsoft Visual Studio 10.0\VC\include\stdio.h(253) : see declaration of 'fscanf'
     1>c:\users\sean\dropbox\workspace\kinect2_calib\kinect2_calib\camera_calibration.h(445): warning C4244: 'initializing' : conversion from 'float' to 'unsigned char', possible loss of data
     1>Sample.cpp(90): warning C4305: 'argument' : truncation from 'double' to 'float'
     1>Sample.cpp(136): warning C4305: 'argument' : truncation from 'double' to 'float'
       Link:
         c:\Program Files (x86)\Microsoft Visual Studio 10.0\VC\bin\x86_amd64\link.exe /ERRORREPORT:PROMPT /OUT:"C:\Users\Sean\Dropbox\Workspace\Kinect2_Calib\x64\Release\Kinect2_Calib.exe" /NOLOGO /LIBPATH:C:\Users\Sean\Documents\vrpn_07_31_64\lib64\debug /LIBPATH:"C:\Program Files\libusb-1.0" /LIBPATH:"C:\Users\Sean\Documents\libjpeg-turbo64\lib" /LIBPATH:C:\Users\Sean\Documents\libfreenect2_64\lib /LIBPATH:C:\Users\Sean\Documents\opencv\build\x64\vc10\lib opencv_calib3d2411d.lib opencv_contrib2411d.lib opencv_core2411d.lib opencv_features2d2411d.lib opencv_flann2411d.lib opencv_gpu2411d.lib opencv_highgui2411d.lib opencv_imgproc2411d.lib opencv_legacy2411d.lib opencv_ml2411d.lib opencv_nonfree2411d.lib opencv_objdetect2411d.lib opencv_ocl2411d.lib opencv_photo2411d.lib opencv_stitching2411d.lib opencv_superres2411d.lib opencv_ts2411d.lib opencv_video2411d.lib opencv_videostab2411d.lib "libusb-1.0.lib" freenect2.lib glfw3dll.lib turbojpeg.lib vrpn.lib kernel32.lib user32.lib gdi32.lib winspool.lib comdlg32.lib advapi32.lib shell32.lib ole32.lib oleaut32.lib uuid.lib odbc32.lib odbccp32.lib /MANIFEST /ManifestFile:"x64\Release\Kinect2_Calib.exe.intermediate.manifest" /MANIFESTUAC:"level='asInvoker' uiAccess='false'" /DEBUG /PDB:"C:\Users\Sean\Dropbox\Workspace\Kinect2_Calib\x64\Release\Kinect2_Calib.pdb" /OPT:REF /OPT:ICF /LTCG /TLBID:1 /DYNAMICBASE /NXCOMPAT /IMPLIB:"C:\Users\Sean\Dropbox\Workspace\Kinect2_Calib\x64\Release\Kinect2_Calib.lib" /MACHINE:X64 x64\Release\Protonect.obj
         x64\Release\Sample.obj
     1>vrpn.lib(vrpn_Tracker.obj) : error LNK2038: mismatch detected for '_ITERATOR_DEBUG_LEVEL': value '2' doesn't match value '0' in Sample.obj
     1>vrpn.lib(vrpn_Connection.obj) : error LNK2038: mismatch detected for '_ITERATOR_DEBUG_LEVEL': value '2' doesn't match value '0' in Sample.obj
            Creating library C:\Users\Sean\Dropbox\Workspace\Kinect2_Calib\x64\Release\Kinect2_Calib.lib and object C:\Users\Sean\Dropbox\Workspace\Kinect2_Calib\x64\Release\Kinect2_Calib.exp
     1>LINK : warning LNK4098: defaultlib 'MSVCRTD' conflicts with use of other libs; use /NODEFAULTLIB:library
     1>C:\Users\Sean\Dropbox\Workspace\Kinect2_Calib\x64\Release\Kinect2_Calib.exe : fatal error LNK1319: 2 mismatches detected
     1>Done Building Project "C:\Users\Sean\Dropbox\Workspace\Kinect2_Calib\Kinect2_Calib\Kinect2_Calib.vcxproj" (Build target(s)) -- FAILED.

Build FAILED.

Time Elapsed 00:00:02.90
