<<<<<<< HEAD
﻿  proj-pcg.vcxproj -> D:\Repos\Fusion\moca\proj-pcg\Release\proj-pcg.exe
=======
﻿Build started 8/16/2018 6:01:57 PM.
     1>Project "C:\Users\admin13302\Documents\GitHub\Fusion\moca\proj-pcg\proj-pcg\proj-pcg.vcxproj" on node 2 (build target(s)).
     1>InitializeBuildStatus:
         Creating "Release\proj-pcg.unsuccessfulbuild" because "AlwaysCreate" was specified.
       ClCompile:
         All outputs are up-to-date.
         C:\Program Files (x86)\Microsoft Visual Studio 10.0\VC\bin\CL.exe /c /IC:\Users\admin13302\Documents\GitHub\Fusion\moca\dependency /IC:\Users\admin13302\Documents\GitHub\Fusion\moca\src /IC:\Users\admin13302\Documents\GitHub\Fusion\moca\dependency\eigen /Zi /nologo /W3 /WX- /O2 /Oi /Ot /Oy- /GL /D WIN32 /D NDEBUG /D _CONSOLE /D _UNICODE /D UNICODE /Gm- /EHsc /MD /GS /Gy /fp:precise /Zc:wchar_t /Zc:forScope /Yu"StdAfx.h" /Fp"Release\proj-pcg.pch" /Fo"Release\\" /Fd"Release\vc100.pdb" /Gd /TP /analyze- /errorReport:prompt "proj-pcg.cpp"
         proj-pcg.cpp
     1>C:\Users\admin13302\Documents\GitHub\Fusion\moca\src\math/matrix.h(28): warning C4244: 'argument' : conversion from 'int' to 'const float', possible loss of data
     1>C:\Users\admin13302\Documents\GitHub\Fusion\moca\src\math/SparseBlockSquareMatrix.h(75): warning C4018: '<' : signed/unsigned mismatch
     1>C:\Users\admin13302\Documents\GitHub\Fusion\moca\src\math/SparseBlockSquareMatrix.h(104): warning C4018: '<' : signed/unsigned mismatch
     1>C:\Users\admin13302\Documents\GitHub\Fusion\moca\src\math/SparseBlockSquareMatrix.h(106): warning C4018: '<' : signed/unsigned mismatch
     1>C:\Users\admin13302\Documents\GitHub\Fusion\moca\src\import.h(4): warning C4996: 'fopen': This function or variable may be unsafe. Consider using fopen_s instead. To disable deprecation, use _CRT_SECURE_NO_WARNINGS. See online help for details.
                 C:\Program Files (x86)\Microsoft Visual Studio 10.0\VC\include\stdio.h(234) : see declaration of 'fopen'
     1>proj-pcg.cpp(320): warning C4244: 'argument' : conversion from 'int' to 'const float', possible loss of data
       Link:
         C:\Program Files (x86)\Microsoft Visual Studio 10.0\VC\bin\link.exe /ERRORREPORT:PROMPT /OUT:"C:\Users\admin13302\Documents\GitHub\Fusion\moca\proj-pcg\Release\proj-pcg.exe" /INCREMENTAL:NO /NOLOGO /LIBPATH:C:\Users\admin13302\Documents\GitHub\Fusion\moca\dependency\lib opencl.lib kernel32.lib user32.lib gdi32.lib winspool.lib comdlg32.lib advapi32.lib shell32.lib ole32.lib oleaut32.lib uuid.lib odbc32.lib odbccp32.lib /MANIFEST /ManifestFile:"Release\proj-pcg.exe.intermediate.manifest" /MANIFESTUAC:"level='asInvoker' uiAccess='false'" /DEBUG /PDB:"C:\Users\admin13302\Documents\GitHub\Fusion\moca\proj-pcg\Release\proj-pcg.pdb" /SUBSYSTEM:CONSOLE /OPT:REF /OPT:ICF /LTCG /TLBID:1 /DYNAMICBASE /NXCOMPAT /IMPLIB:"C:\Users\admin13302\Documents\GitHub\Fusion\moca\proj-pcg\Release\proj-pcg.lib" /MACHINE:X86 "Release\proj-pcg.obj"
         Release\stdafx.obj
         Generating code
         Finished generating code
         proj-pcg.vcxproj -> C:\Users\admin13302\Documents\GitHub\Fusion\moca\proj-pcg\Release\proj-pcg.exe
       Manifest:
         C:\Program Files (x86)\Microsoft SDKs\Windows\v7.0A\bin\mt.exe /nologo /verbose /outputresource:"C:\Users\admin13302\Documents\GitHub\Fusion\moca\proj-pcg\Release\proj-pcg.exe;#1" /manifest "Release\proj-pcg.exe.intermediate.manifest"
       FinalizeBuildStatus:
         Deleting file "Release\proj-pcg.unsuccessfulbuild".
         Touching "Release\proj-pcg.lastbuildstate".
     1>Done Building Project "C:\Users\admin13302\Documents\GitHub\Fusion\moca\proj-pcg\proj-pcg\proj-pcg.vcxproj" (build target(s)).

Build succeeded.

Time Elapsed 00:00:07.56
>>>>>>> 20d1c7b9a636b74c7fb0c78c46e8fd7793de5c9c
