Build started 8/16/2018 5:40:38 PM.
     1>Project "C:\Users\admin13302\Documents\GitHub\Fusion\moca\proj-pcg\proj-pcg\proj-pcg.vcxproj" on node 2 (build target(s)).
     1>InitializeBuildStatus:
         Creating "Debug\proj-pcg.unsuccessfulbuild" because "AlwaysCreate" was specified.
       ClCompile:
         All outputs are up-to-date.
         C:\Program Files (x86)\Microsoft Visual Studio 10.0\VC\bin\CL.exe /c /I..\..\src /I..\..\dependency\ /I..\..\dependency\eigen /ZI /nologo /W3 /WX- /Od /Oy- /D WIN32 /D _DEBUG /D _CONSOLE /D _UNICODE /D UNICODE /Gm /EHsc /RTC1 /MDd /GS /fp:precise /Zc:wchar_t /Zc:forScope /Yu"StdAfx.h" /Fp"Debug\proj-pcg.pch" /Fo"Debug\\" /Fd"Debug\vc100.pdb" /Gd /TP /analyze- /errorReport:prompt "proj-pcg.cpp"
         proj-pcg.cpp
     1>c:\users\admin13302\documents\github\fusion\moca\src\math\matrix.h(28): warning C4244: 'argument' : conversion from 'int' to 'const float', possible loss of data
     1>c:\users\admin13302\documents\github\fusion\moca\src\math\sparseblocksquarematrix.h(75): warning C4018: '<' : signed/unsigned mismatch
     1>c:\users\admin13302\documents\github\fusion\moca\src\math\sparseblocksquarematrix.h(104): warning C4018: '<' : signed/unsigned mismatch
     1>c:\users\admin13302\documents\github\fusion\moca\src\math\sparseblocksquarematrix.h(106): warning C4018: '<' : signed/unsigned mismatch
     1>c:\users\admin13302\documents\github\fusion\moca\src\import.h(4): warning C4996: 'fopen': This function or variable may be unsafe. Consider using fopen_s instead. To disable deprecation, use _CRT_SECURE_NO_WARNINGS. See online help for details.
                 c:\program files (x86)\microsoft visual studio 10.0\vc\include\stdio.h(234) : see declaration of 'fopen'
     1>c:\users\admin13302\documents\github\fusion\moca\proj-pcg\proj-pcg\proj-pcg.cpp(297): warning C4244: 'initializing' : conversion from 'unsigned int' to 'float', possible loss of data
     1>c:\users\admin13302\documents\github\fusion\moca\proj-pcg\proj-pcg\proj-pcg.cpp(302): warning C4244: 'argument' : conversion from 'float' to 'size_t', possible loss of data
     1>c:\users\admin13302\documents\github\fusion\moca\proj-pcg\proj-pcg\proj-pcg.cpp(308): warning C4244: 'argument' : conversion from 'float' to 'size_t', possible loss of data
     1>c:\users\admin13302\documents\github\fusion\moca\proj-pcg\proj-pcg\proj-pcg.cpp(309): warning C4244: 'argument' : conversion from 'float' to 'size_t', possible loss of data
     1>c:\users\admin13302\documents\github\fusion\moca\proj-pcg\proj-pcg\proj-pcg.cpp(310): warning C4244: 'argument' : conversion from 'float' to 'size_t', possible loss of data
     1>c:\users\admin13302\documents\github\fusion\moca\proj-pcg\proj-pcg\proj-pcg.cpp(313): warning C4244: 'argument' : conversion from 'float' to 'size_t', possible loss of data
     1>c:\users\admin13302\documents\github\fusion\moca\proj-pcg\proj-pcg\proj-pcg.cpp(314): warning C4244: 'argument' : conversion from 'float' to 'size_t', possible loss of data
     1>c:\users\admin13302\documents\github\fusion\moca\proj-pcg\proj-pcg\proj-pcg.cpp(379): warning C4244: 'argument' : conversion from 'float' to 'size_t', possible loss of data
     1>c:\users\admin13302\documents\github\fusion\moca\proj-pcg\proj-pcg\proj-pcg.cpp(390): warning C4244: 'argument' : conversion from 'float' to 'size_t', possible loss of data
     1>c:\users\admin13302\documents\github\fusion\moca\proj-pcg\proj-pcg\proj-pcg.cpp(438): warning C4244: 'argument' : conversion from 'float' to 'size_t', possible loss of data
     1>c:\users\admin13302\documents\github\fusion\moca\proj-pcg\proj-pcg\proj-pcg.cpp(448): warning C4244: 'argument' : conversion from 'int' to 'const float', possible loss of data
       ManifestResourceCompile:
         All outputs are up-to-date.
       Link:
         C:\Program Files (x86)\Microsoft Visual Studio 10.0\VC\bin\link.exe /ERRORREPORT:PROMPT /OUT:"C:\Users\admin13302\Documents\GitHub\Fusion\moca\proj-pcg\Debug\proj-pcg.exe" /INCREMENTAL /NOLOGO /LIBPATH:../../dependency/lib opencl.lib kernel32.lib user32.lib gdi32.lib winspool.lib comdlg32.lib advapi32.lib shell32.lib ole32.lib oleaut32.lib uuid.lib odbc32.lib odbccp32.lib /MANIFEST /ManifestFile:"Debug\proj-pcg.exe.intermediate.manifest" /MANIFESTUAC:"level='asInvoker' uiAccess='false'" /DEBUG /PDB:"C:\Users\admin13302\Documents\GitHub\Fusion\moca\proj-pcg\Debug\proj-pcg.pdb" /SUBSYSTEM:CONSOLE /TLBID:1 /DYNAMICBASE /NXCOMPAT /IMPLIB:"C:\Users\admin13302\Documents\GitHub\Fusion\moca\proj-pcg\Debug\proj-pcg.lib" /MACHINE:X86 "Debug\proj-pcg.exe.embed.manifest.res"
         "Debug\proj-pcg.obj"
         Debug\stdafx.obj
       Manifest:
         C:\Program Files (x86)\Microsoft SDKs\Windows\v7.0A\bin\mt.exe /nologo /verbose /out:"Debug\proj-pcg.exe.embed.manifest" /manifest "Debug\proj-pcg.exe.intermediate.manifest"
         All outputs are up-to-date.
       LinkEmbedManifest:
         All outputs are up-to-date.
         proj-pcg.vcxproj -> C:\Users\admin13302\Documents\GitHub\Fusion\moca\proj-pcg\Debug\proj-pcg.exe
       FinalizeBuildStatus:
         Deleting file "Debug\proj-pcg.unsuccessfulbuild".
         Touching "Debug\proj-pcg.lastbuildstate".
     1>Done Building Project "C:\Users\admin13302\Documents\GitHub\Fusion\moca\proj-pcg\proj-pcg\proj-pcg.vcxproj" (build target(s)).

Build succeeded.

Time Elapsed 00:00:06.87
